zxing2demo/build/outputs/logs/manifest-merger-debug-report.txt
-- Merging decision tree log ---
manifest
ADDED from src\main\AndroidManifest.xml:17:1-156:12
	package
		ADDED from src\main\AndroidManifest.xml:18:11-52
		INJECTED from src\main\AndroidManifest.xml
		INJECTED from src\main\AndroidManifest.xml
	android:versionName
		ADDED from src\main\AndroidManifest.xml:19:11-38
		INJECTED from src\main\AndroidManifest.xml
		INJECTED from src\main\AndroidManifest.xml
	android:versionCode
		ADDED from src\main\AndroidManifest.xml:20:11-36
		INJECTED from src\main\AndroidManifest.xml
		INJECTED from src\main\AndroidManifest.xml
	xmlns:android
		ADDED from src\main\AndroidManifest.xml:17:11-69
	android:installLocation
		ADDED from src\main\AndroidManifest.xml:21:11-41
uses-permission#android.permission.CAMERA
ADDED from src\main\AndroidManifest.xml:23:3-62
	android:name
		ADDED from src\main\AndroidManifest.xml:23:20-60
uses-permission#android.permission.INTERNET
ADDED from src\main\AndroidManifest.xml:24:3-64
	android:name
		ADDED from src\main\AndroidManifest.xml:24:20-62
uses-permission#android.permission.VIBRATE
ADDED from src\main\AndroidManifest.xml:25:3-63
	android:name
		ADDED from src\main\AndroidManifest.xml:25:20-61
uses-permission#android.permission.FLASHLIGHT
ADDED from src\main\AndroidManifest.xml:26:3-66
	android:name
		ADDED from src\main\AndroidManifest.xml:26:20-64
uses-permission#android.permission.READ_CONTACTS
ADDED from src\main\AndroidManifest.xml:27:3-69
	android:name
		ADDED from src\main\AndroidManifest.xml:27:20-67
uses-permission#com.android.browser.permission.READ_HISTORY_BOOKMARKS
ADDED from src\main\AndroidManifest.xml:29:3-90
	android:name
		ADDED from src\main\AndroidManifest.xml:29:20-88
uses-permission#android.permission.WRITE_EXTERNAL_STORAGE
ADDED from src\main\AndroidManifest.xml:30:3-78
	android:name
		ADDED from src\main\AndroidManifest.xml:30:20-76
uses-permission#android.permission.CHANGE_WIFI_STATE
ADDED from src\main\AndroidManifest.xml:31:3-73
	android:name
		ADDED from src\main\AndroidManifest.xml:31:20-71
uses-permission#android.permission.ACCESS_WIFI_STATE
ADDED from src\main\AndroidManifest.xml:32:3-73
	android:name
		ADDED from src\main\AndroidManifest.xml:32:20-71
uses-sdk
ADDED from src\main\AndroidManifest.xml:34:3-71
MERGED from [TopLevel1602:zxingcorelibrary:unspecified] AndroidManifest.xml:7:5-9:41
MERGED from [com.android.support:appcompat-v7:23.4.0] AndroidManifest.xml:21:5-23:78
MERGED from [com.android.support:animated-vector-drawable:23.4.0] AndroidManifest.xml:5:5-44
MERGED from [com.android.support:support-vector-drawable:23.4.0] AndroidManifest.xml:5:5-43
MERGED from [com.android.support:support-v4:23.4.0] AndroidManifest.xml:20:5-43
MERGED from [com.android.support:support-v4:23.4.0] AndroidManifest.xml:20:5-43
MERGED from [com.android.support:support-vector-drawable:23.4.0] AndroidManifest.xml:5:5-43
MERGED from [com.android.support:support-v4:23.4.0] AndroidManifest.xml:20:5-43
	tools:overrideLibrary
		ADDED from [com.android.support:appcompat-v7:23.4.0] AndroidManifest.xml:23:9-75
	android:targetSdkVersion
		ADDED from src\main\AndroidManifest.xml:34:40-69
		INJECTED from src\main\AndroidManifest.xml
		INJECTED from src\main\AndroidManifest.xml
	android:minSdkVersion
		ADDED from src\main\AndroidManifest.xml:34:13-39
		INJECTED from src\main\AndroidManifest.xml
		INJECTED from src\main\AndroidManifest.xml
uses-feature#android.hardware.camera
ADDED from src\main\AndroidManifest.xml:37:3-82
	android:required
		ADDED from src\main\AndroidManifest.xml:37:56-80
	android:name
		ADDED from src\main\AndroidManifest.xml:37:17-55
uses-feature#android.hardware.camera.front
ADDED from src\main\AndroidManifest.xml:38:3-88
	android:required
		ADDED from src\main\AndroidManifest.xml:38:62-86
	android:name
		ADDED from src\main\AndroidManifest.xml:38:17-61
uses-feature#android.hardware.camera.autofocus
ADDED from src\main\AndroidManifest.xml:41:3-92
	android:required
		ADDED from src\main\AndroidManifest.xml:41:66-90
	android:name
		ADDED from src\main\AndroidManifest.xml:41:17-65
uses-feature#android.hardware.camera.flash
ADDED from src\main\AndroidManifest.xml:42:3-88
	android:required
		ADDED from src\main\AndroidManifest.xml:42:62-86
	android:name
		ADDED from src\main\AndroidManifest.xml:42:17-61
uses-feature#android.hardware.screen.landscape
ADDED from src\main\AndroidManifest.xml:43:3-67
	android:name
		ADDED from src\main\AndroidManifest.xml:43:17-65
uses-feature#android.hardware.wifi
ADDED from src\main\AndroidManifest.xml:44:3-80
	android:required
		ADDED from src\main\AndroidManifest.xml:44:54-78
	android:name
		ADDED from src\main\AndroidManifest.xml:44:17-53
uses-feature#android.hardware.touchscreen
ADDED from src\main\AndroidManifest.xml:46:3-62
	android:name
		ADDED from src\main\AndroidManifest.xml:46:17-60
supports-screens
ADDED from src\main\AndroidManifest.xml:49:3-53:48
	android:largeScreens
		ADDED from src\main\AndroidManifest.xml:50:21-48
	android:smallScreens
		ADDED from src\main\AndroidManifest.xml:52:21-48
	android:normalScreens
		ADDED from src\main\AndroidManifest.xml:51:21-49
	android:xlargeScreens
		ADDED from src\main\AndroidManifest.xml:49:21-49
	android:anyDensity
		ADDED from src\main\AndroidManifest.xml:53:21-46
application
ADDED from src\main\AndroidManifest.xml:55:3-154:17
MERGED from [TopLevel1602:zxingcorelibrary:unspecified] AndroidManifest.xml:11:5-15:19
MERGED from [com.android.support:appcompat-v7:23.4.0] AndroidManifest.xml:25:5-20
MERGED from [com.android.support:animated-vector-drawable:23.4.0] AndroidManifest.xml:7:5-20
MERGED from [com.android.support:support-vector-drawable:23.4.0] AndroidManifest.xml:7:5-20
MERGED from [com.android.support:support-v4:23.4.0] AndroidManifest.xml:22:5-20
MERGED from [com.android.support:support-v4:23.4.0] AndroidManifest.xml:22:5-20
MERGED from [com.android.support:support-vector-drawable:23.4.0] AndroidManifest.xml:7:5-20
MERGED from [com.android.support:support-v4:23.4.0] AndroidManifest.xml:22:5-20
	android:label
		ADDED from src\main\AndroidManifest.xml:57:16-48
	android:supportsRtl
		ADDED from [TopLevel1602:zxingcorelibrary:unspecified] AndroidManifest.xml:14:9-35
	android:allowBackup
		ADDED from src\main\AndroidManifest.xml:58:16-42
	android:icon
		ADDED from src\main\AndroidManifest.xml:55:16-54
	android:logo
		ADDED from src\main\AndroidManifest.xml:56:16-54
activity#com.google.zxing.client.android.CaptureActivity
ADDED from src\main\AndroidManifest.xml:59:5-101:16
	android:clearTaskOnLaunch
		ADDED from src\main\AndroidManifest.xml:61:15-47
	android:screenOrientation
		ADDED from src\main\AndroidManifest.xml:60:15-58
	android:stateNotNeeded
		ADDED from src\main\AndroidManifest.xml:62:15-44
	android:windowSoftInputMode
		ADDED from src\main\AndroidManifest.xml:64:15-62
	android:theme
		ADDED from src\main\AndroidManifest.xml:63:15-50
	android:name
		ADDED from src\main\AndroidManifest.xml:59:15-46
intent-filter#android.intent.action.MAIN+android.intent.category.LAUNCHER
ADDED from src\main\AndroidManifest.xml:65:7-68:23
action#android.intent.action.MAIN
ADDED from src\main\AndroidManifest.xml:66:9-60
	android:name
		ADDED from src\main\AndroidManifest.xml:66:17-58
category#android.intent.category.LAUNCHER
ADDED from src\main\AndroidManifest.xml:67:9-68
	android:name
		ADDED from src\main\AndroidManifest.xml:67:19-66
intent-filter#android.intent.category.DEFAULT+com.google.zxing.client.android.SCAN
ADDED from src\main\AndroidManifest.xml:69:7-72:23
action#com.google.zxing.client.android.SCAN
ADDED from src\main\AndroidManifest.xml:70:9-70
	android:name
		ADDED from src\main\AndroidManifest.xml:70:17-68
category#android.intent.category.DEFAULT
ADDED from src\main\AndroidManifest.xml:71:9-67
	android:name
		ADDED from src\main\AndroidManifest.xml:71:19-65
intent-filter#android.intent.action.VIEW+android.intent.category.BROWSABLE+android.intent.category.DEFAULT
ADDED from src\main\AndroidManifest.xml:74:7-79:23
action#android.intent.action.VIEW
ADDED from src\main\AndroidManifest.xml:75:9-60
	android:name
		ADDED from src\main\AndroidManifest.xml:75:17-58
category#android.intent.category.BROWSABLE
ADDED from src\main\AndroidManifest.xml:77:9-69
	android:name
		ADDED from src\main\AndroidManifest.xml:77:19-67
data
ADDED from src\main\AndroidManifest.xml:78:9-92
	android:path
		ADDED from src\main\AndroidManifest.xml:78:70-90
	android:host
		ADDED from src\main\AndroidManifest.xml:78:37-69
	android:scheme
		ADDED from src\main\AndroidManifest.xml:78:15-36
activity#com.google.zxing.client.android.PreferencesActivity
ADDED from src\main\AndroidManifest.xml:102:5-104:46
	android:label
		ADDED from src\main\AndroidManifest.xml:103:15-55
	android:stateNotNeeded
		ADDED from src\main\AndroidManifest.xml:104:15-44
	android:name
		ADDED from src\main\AndroidManifest.xml:102:15-50
activity#com.google.zxing.client.android.encode.EncodeActivity
ADDED from src\main\AndroidManifest.xml:105:5-123:16
	android:stateNotNeeded
		ADDED from src\main\AndroidManifest.xml:106:15-44
	android:name
		ADDED from src\main\AndroidManifest.xml:105:15-52
intent-filter#android.intent.category.DEFAULT+com.google.zxing.client.android.ENCODE
ADDED from src\main\AndroidManifest.xml:107:7-110:23
action#com.google.zxing.client.android.ENCODE
ADDED from src\main\AndroidManifest.xml:108:9-72
	android:name
		ADDED from src\main\AndroidManifest.xml:108:17-70
intent-filter#android.intent.action.SEND+android.intent.category.DEFAULT
ADDED from src\main\AndroidManifest.xml:112:7-116:23
action#android.intent.action.SEND
ADDED from src\main\AndroidManifest.xml:113:9-60
	android:name
		ADDED from src\main\AndroidManifest.xml:113:17-58
activity#com.google.zxing.client.android.book.SearchBookContentsActivity
ADDED from src\main\AndroidManifest.xml:124:5-132:16
	android:screenOrientation
		ADDED from src\main\AndroidManifest.xml:127:15-58
	android:label
		ADDED from src\main\AndroidManifest.xml:125:15-47
	android:stateNotNeeded
		ADDED from src\main\AndroidManifest.xml:126:15-44
	android:name
		ADDED from src\main\AndroidManifest.xml:124:15-62
intent-filter#android.intent.category.DEFAULT+com.google.zxing.client.android.SEARCH_BOOK_CONTENTS
ADDED from src\main\AndroidManifest.xml:128:7-131:23
action#com.google.zxing.client.android.SEARCH_BOOK_CONTENTS
ADDED from src\main\AndroidManifest.xml:129:9-86
	android:name
		ADDED from src\main\AndroidManifest.xml:129:17-84
activity#com.google.zxing.client.android.share.ShareActivity
ADDED from src\main\AndroidManifest.xml:133:5-140:16
	android:screenOrientation
		ADDED from src\main\AndroidManifest.xml:135:15-47
	android:stateNotNeeded
		ADDED from src\main\AndroidManifest.xml:134:15-44
	android:name
		ADDED from src\main\AndroidManifest.xml:133:15-50
intent-filter#android.intent.category.DEFAULT+com.google.zxing.client.android.SHARE
ADDED from src\main\AndroidManifest.xml:136:7-139:23
action#com.google.zxing.client.android.SHARE
ADDED from src\main\AndroidManifest.xml:137:9-71
	android:name
		ADDED from src\main\AndroidManifest.xml:137:17-69
activity#com.google.zxing.client.android.history.HistoryActivity
ADDED from src\main\AndroidManifest.xml:141:5-143:46
	android:label
		ADDED from src\main\AndroidManifest.xml:142:15-52
	android:stateNotNeeded
		ADDED from src\main\AndroidManifest.xml:143:15-44
	android:name
		ADDED from src\main\AndroidManifest.xml:141:15-54
activity#com.google.zxing.client.android.share.BookmarkPickerActivity
ADDED from src\main\AndroidManifest.xml:144:5-146:46
	android:label
		ADDED from src\main\AndroidManifest.xml:145:15-59
	android:stateNotNeeded
		ADDED from src\main\AndroidManifest.xml:146:15-44
	android:name
		ADDED from src\main\AndroidManifest.xml:144:15-59
activity#com.google.zxing.client.android.share.AppPickerActivity
ADDED from src\main\AndroidManifest.xml:147:5-149:46
	android:label
		ADDED from src\main\AndroidManifest.xml:148:15-54
	android:stateNotNeeded
		ADDED from src\main\AndroidManifest.xml:149:15-44
	android:name
		ADDED from src\main\AndroidManifest.xml:147:15-54
activity#com.google.zxing.client.android.HelpActivity
ADDED from src\main\AndroidManifest.xml:150:5-153:46
	android:screenOrientation
		ADDED from src\main\AndroidManifest.xml:152:15-47
	android:label
		ADDED from src\main\AndroidManifest.xml:151:15-48
	android:stateNotNeeded
		ADDED from src\main\AndroidManifest.xml:153:15-44
	android:name
		ADDED from src\main\AndroidManifest.xml:150:15-43